JobId=32173416 JobName=pingpong
   UserId=schwa487(1010017) GroupId=stt(2024) MCS_label=N/A
   Priority=59610 Nice=0 Account=general QOS=schwa487
   JobState=RUNNING Reason=None Dependency=(null)
   Requeue=1 Restarts=0 BatchFlag=1 Reboot=0 ExitCode=0:0
   RunTime=00:00:35 TimeLimit=00:05:00 TimeMin=N/A
   SubmitTime=2024-03-07T11:25:26 EligibleTime=2024-03-07T11:25:26
   AccrueTime=2024-03-07T11:25:26
   StartTime=2024-03-07T11:25:28 EndTime=2024-03-07T11:30:28 Deadline=N/A
   SuspendTime=None SecsPreSuspend=0 LastSchedEval=2024-03-07T11:25:28 Scheduler=Main
   Partition=general-short AllocNode:Sid=dev-amd20:42624
   ReqNodeList=lac-[224-225,228-248,278-285,294-301] ExcNodeList=(null)
   NodeList=lac-[240-241]
   BatchHost=lac-240
   NumNodes=2 NumCPUs=2 NumTasks=2 CPUs/Task=1 ReqB:S:C:T=0:0:*:*
   ReqTRES=cpu=2,mem=4G,node=2,billing=622
   AllocTRES=cpu=2,mem=4G,node=2,billing=622
   Socks/Node=* NtasksPerN:B:S:C=0:0:*:* CoreSpec=*
   MinCPUsNode=1 MinMemoryNode=2G MinTmpDiskNode=0
   Features=[intel14|intel16|intel18|(amr|acm)|nvf|nal|nif] DelayBoot=00:00:00
   OverSubscribe=OK Contiguous=0 Licenses=(null) Network=(null)
   Command=/mnt/ufs18/home-236/schwa487/Documents/project-3-mpi-p2p-seven-c-s/Nick_Work/Nick_NONBLOCKING.sb
   WorkDir=/mnt/ufs18/home-236/schwa487/Documents/project-3-mpi-p2p-seven-c-s/Nick_Work
   Comment=stdout=/mnt/ufs18/home-236/schwa487/Documents/project-3-mpi-p2p-seven-c-s/Nick_Work/slurm-32173416.out 
   StdErr=/mnt/ufs18/home-236/schwa487/Documents/project-3-mpi-p2p-seven-c-s/Nick_Work/slurm-32173416.out
   StdIn=/dev/null
   StdOut=/mnt/ufs18/home-236/schwa487/Documents/project-3-mpi-p2p-seven-c-s/Nick_Work/slurm-32173416.out
   Power=
   

